<?xml version="1.0" encoding="UTF-8"?>
<!-- Generated by org.testng.reporters.JUnitXMLReporter -->
<testsuite ignored="0" hostname="5CG1265QHJ" failures="0" tests="4" name="Default test" time="88.68" errors="0" timestamp="2022-06-12T20:01:37 IST">
  <testcase classname="Laptop" name="TC001_GitITInfo" time="16.45"/>
  <testcase classname="Laptop" name="TC002_SharePoint" time="19.316"/>
  <testcase classname="Laptop" name="TC003_PCore" time="33.579"/>
  <testcase classname="Laptop" name="TC004_Jira" time="19.297"/>
</testsuite> <!-- Default test -->
